<?xml version="1.0" encoding="utf-8"?>
<coverage line-rate="1" branch-rate="1" version="1.9" timestamp="1592248008"
          lines-covered="12" lines-valid="12" branches-covered="6" branches-valid="6">
  <sources>
    <source>C:\Users\thiag\Documents\ApiProLife-pedro\ApiProLife\ApiMySqlDocker\</source>
  </sources>
  <packages>
    <package name="Entities" line-rate="1" branch-rate="1" complexity="6">
      <classes>
        <class name="Entities.Atendimento" line-rate="1" branch-rate="1" complexity="6"
               filename="Entities\Atendimento.cs">
          <methods>
            <method name="Atendimento" signature="(System.Int32)" line-rate="1"
                    branch-rate="1" complexity="6">
              <lines>
                <line number="8" hits="11" branch="False" />
                <line number="9" hits="11" branch="True" condition-coverage="100% (2/2)">
                  <conditions>
                    <condition number="7" type="jump" coverage="100%" />
                  </conditions>
                </line>
                <line number="10" hits="3" branch="False" />
                <line number="11" hits="3" branch="False" />
                <line number="14" hits="22" branch="True" condition-coverage="100% (2/2)">
                  <conditions>
                    <condition number="57" type="jump" coverage="100%" />
                  </conditions>
                </line>
                <line number="15" hits="7" branch="False" />
                <line number="16" hits="7" branch="True" condition-coverage="100% (2/2)">
                  <conditions>
                    <condition number="27" type="jump" coverage="100%" />
                  </conditions>
                </line>
                <line number="17" hits="4" branch="False" />
                <line number="18" hits="4" branch="False" />
                <line number="20" hits="3" branch="False" />
                <line number="21" hits="4" branch="False" />
                <line number="23" hits="11" branch="False" />
              </lines>
            </method>
          </methods>
          <lines>
            <line number="8" hits="11" branch="False" />
            <line number="9" hits="11" branch="True" condition-coverage="100% (2/2)">
              <conditions>
                <condition number="7" type="jump" coverage="100%" />
              </conditions>
            </line>
            <line number="10" hits="3" branch="False" />
            <line number="11" hits="3" branch="False" />
            <line number="14" hits="22" branch="True" condition-coverage="100% (2/2)">
              <conditions>
                <condition number="57" type="jump" coverage="100%" />
              </conditions>
            </line>
            <line number="15" hits="7" branch="False" />
            <line number="16" hits="7" branch="True" condition-coverage="100% (2/2)">
              <conditions>
                <condition number="27" type="jump" coverage="100%" />
              </conditions>
            </line>
            <line number="17" hits="4" branch="False" />
            <line number="18" hits="4" branch="False" />
            <line number="20" hits="3" branch="False" />
            <line number="21" hits="4" branch="False" />
            <line number="23" hits="11" branch="False" />
          </lines>
        </class>
		  <class name="Entities.Cliente" line-rate="1" branch-rate="1" complexity="6"
               filename="Entities\Cliente.cs">
			  <methods>
				  <method name="Cliente" signature="(System.Int32)" line-rate="1"
						  branch-rate="1" complexity="6">
					  <lines>
						  <line number="8" hits="11" branch="False" />
						  <line number="9" hits="11" branch="True" condition-coverage="100% (2/2)">
							  <conditions>
								  <condition number="7" type="jump" coverage="100%" />
							  </conditions>
						  </line>
						  <line number="10" hits="3" branch="False" />
						  <line number="11" hits="3" branch="False" />
						  <line number="14" hits="22" branch="True" condition-coverage="100% (2/2)">
							  <conditions>
								  <condition number="57" type="jump" coverage="100%" />
							  </conditions>
						  </line>
						  <line number="15" hits="7" branch="False" />
						  <line number="16" hits="7" branch="True" condition-coverage="100% (2/2)">
							  <conditions>
								  <condition number="27" type="jump" coverage="100%" />
							  </conditions>
						  </line>
						  <line number="17" hits="4" branch="False" />
						  <line number="18" hits="4" branch="False" />
						  <line number="20" hits="3" branch="False" />
						  <line number="21" hits="4" branch="False" />
						  <line number="23" hits="11" branch="False" />
					  </lines>
				  </method>
			  </methods>
			  <lines>
				  <line number="8" hits="11" branch="False" />
				  <line number="9" hits="11" branch="True" condition-coverage="100% (2/2)">
					  <conditions>
						  <condition number="7" type="jump" coverage="100%" />
					  </conditions>
				  </line>
				  <line number="10" hits="3" branch="False" />
				  <line number="11" hits="3" branch="False" />
				  <line number="14" hits="22" branch="True" condition-coverage="100% (2/2)">
					  <conditions>
						  <condition number="57" type="jump" coverage="100%" />
					  </conditions>
				  </line>
				  <line number="15" hits="7" branch="False" />
				  <line number="16" hits="7" branch="True" condition-coverage="100% (2/2)">
					  <conditions>
						  <condition number="27" type="jump" coverage="100%" />
					  </conditions>
				  </line>
				  <line number="17" hits="4" branch="False" />
				  <line number="18" hits="4" branch="False" />
				  <line number="20" hits="3" branch="False" />
				  <line number="21" hits="4" branch="False" />
				  <line number="23" hits="11" branch="False" />
			  </lines>
		  </class>
		  <class name="Entities.Clinica" line-rate="1" branch-rate="1" complexity="6"
               filename="Entities\Clinica.cs">
			  <methods>
				  <method name="Clinica" signature="(System.Int32)" line-rate="1"
						  branch-rate="1" complexity="6">
					  <lines>
						  <line number="8" hits="11" branch="False" />
						  <line number="9" hits="11" branch="True" condition-coverage="100% (2/2)">
							  <conditions>
								  <condition number="7" type="jump" coverage="100%" />
							  </conditions>
						  </line>
						  <line number="10" hits="3" branch="False" />
						  <line number="11" hits="3" branch="False" />
						  <line number="14" hits="22" branch="True" condition-coverage="100% (2/2)">
							  <conditions>
								  <condition number="57" type="jump" coverage="100%" />
							  </conditions>
						  </line>
						  <line number="15" hits="7" branch="False" />
						  <line number="16" hits="7" branch="True" condition-coverage="100% (2/2)">
							  <conditions>
								  <condition number="27" type="jump" coverage="100%" />
							  </conditions>
						  </line>
						  <line number="17" hits="4" branch="False" />
						  <line number="18" hits="4" branch="False" />
						  <line number="20" hits="3" branch="False" />
						  <line number="21" hits="4" branch="False" />
						  <line number="23" hits="11" branch="False" />
					  </lines>
				  </method>
			  </methods>
			  <lines>
				  <line number="8" hits="11" branch="False" />
				  <line number="9" hits="11" branch="True" condition-coverage="100% (2/2)">
					  <conditions>
						  <condition number="7" type="jump" coverage="100%" />
					  </conditions>
				  </line>
				  <line number="10" hits="3" branch="False" />
				  <line number="11" hits="3" branch="False" />
				  <line number="14" hits="22" branch="True" condition-coverage="100% (2/2)">
					  <conditions>
						  <condition number="57" type="jump" coverage="100%" />
					  </conditions>
				  </line>
				  <line number="15" hits="7" branch="False" />
				  <line number="16" hits="7" branch="True" condition-coverage="100% (2/2)">
					  <conditions>
						  <condition number="27" type="jump" coverage="100%" />
					  </conditions>
				  </line>
				  <line number="17" hits="4" branch="False" />
				  <line number="18" hits="4" branch="False" />
				  <line number="20" hits="3" branch="False" />
				  <line number="21" hits="4" branch="False" />
				  <line number="23" hits="11" branch="False" />
			  </lines>
		  </class>
		  <class name="Entities.Medico" line-rate="1" branch-rate="1" complexity="6"
               filename="Entities\Medico.cs">
			  <methods>
				  <method name="Medico" signature="(System.Int32)" line-rate="1"
						  branch-rate="1" complexity="6">
					  <lines>
						  <line number="8" hits="11" branch="False" />
						  <line number="9" hits="11" branch="True" condition-coverage="100% (2/2)">
							  <conditions>
								  <condition number="7" type="jump" coverage="100%" />
							  </conditions>
						  </line>
						  <line number="10" hits="3" branch="False" />
						  <line number="11" hits="3" branch="False" />
						  <line number="14" hits="22" branch="True" condition-coverage="100% (2/2)">
							  <conditions>
								  <condition number="57" type="jump" coverage="100%" />
							  </conditions>
						  </line>
						  <line number="15" hits="7" branch="False" />
						  <line number="16" hits="7" branch="True" condition-coverage="100% (2/2)">
							  <conditions>
								  <condition number="27" type="jump" coverage="100%" />
							  </conditions>
						  </line>
						  <line number="17" hits="4" branch="False" />
						  <line number="18" hits="4" branch="False" />
						  <line number="20" hits="3" branch="False" />
						  <line number="21" hits="4" branch="False" />
						  <line number="23" hits="11" branch="False" />
					  </lines>
				  </method>
			  </methods>
			  <lines>
				  <line number="8" hits="11" branch="False" />
				  <line number="9" hits="11" branch="True" condition-coverage="100% (2/2)">
					  <conditions>
						  <condition number="7" type="jump" coverage="100%" />
					  </conditions>
				  </line>
				  <line number="10" hits="3" branch="False" />
				  <line number="11" hits="3" branch="False" />
				  <line number="14" hits="22" branch="True" condition-coverage="100% (2/2)">
					  <conditions>
						  <condition number="57" type="jump" coverage="100%" />
					  </conditions>
				  </line>
				  <line number="15" hits="7" branch="False" />
				  <line number="16" hits="7" branch="True" condition-coverage="100% (2/2)">
					  <conditions>
						  <condition number="27" type="jump" coverage="100%" />
					  </conditions>
				  </line>
				  <line number="17" hits="4" branch="False" />
				  <line number="18" hits="4" branch="False" />
				  <line number="20" hits="3" branch="False" />
				  <line number="21" hits="4" branch="False" />
				  <line number="23" hits="11" branch="False" />
			  </lines>
		  </class>
		  <class name="Entities.Usuario" line-rate="1" branch-rate="1" complexity="6"
               filename="Entities\Usuario.cs">
			  <methods>
				  <method name="Atendimento" signature="(System.Int32)" line-rate="1"
						  branch-rate="1" complexity="6">
					  <lines>
						  <line number="8" hits="11" branch="False" />
						  <line number="9" hits="11" branch="True" condition-coverage="100% (2/2)">
							  <conditions>
								  <condition number="7" type="jump" coverage="100%" />
							  </conditions>
						  </line>
						  <line number="10" hits="3" branch="False" />
						  <line number="11" hits="3" branch="False" />
						  <line number="14" hits="22" branch="True" condition-coverage="100% (2/2)">
							  <conditions>
								  <condition number="57" type="jump" coverage="100%" />
							  </conditions>
						  </line>
						  <line number="15" hits="7" branch="False" />
						  <line number="16" hits="7" branch="True" condition-coverage="100% (2/2)">
							  <conditions>
								  <condition number="27" type="jump" coverage="100%" />
							  </conditions>
						  </line>
						  <line number="17" hits="4" branch="False" />
						  <line number="18" hits="4" branch="False" />
						  <line number="20" hits="3" branch="False" />
						  <line number="21" hits="4" branch="False" />
						  <line number="23" hits="11" branch="False" />
					  </lines>
				  </method>
			  </methods>
			  <lines>
				  <line number="8" hits="11" branch="False" />
				  <line number="9" hits="11" branch="True" condition-coverage="100% (2/2)">
					  <conditions>
						  <condition number="7" type="jump" coverage="100%" />
					  </conditions>
				  </line>
				  <line number="10" hits="3" branch="False" />
				  <line number="11" hits="3" branch="False" />
				  <line number="14" hits="22" branch="True" condition-coverage="100% (2/2)">
					  <conditions>
						  <condition number="57" type="jump" coverage="100%" />
					  </conditions>
				  </line>
				  <line number="15" hits="7" branch="False" />
				  <line number="16" hits="7" branch="True" condition-coverage="100% (2/2)">
					  <conditions>
						  <condition number="27" type="jump" coverage="100%" />
					  </conditions>
				  </line>
				  <line number="17" hits="4" branch="False" />
				  <line number="18" hits="4" branch="False" />
				  <line number="20" hits="3" branch="False" />
				  <line number="21" hits="4" branch="False" />
				  <line number="23" hits="11" branch="False" />
			  </lines>
		  </class>
		  <class name="Controllers.Atendimento" line-rate="1" branch-rate="1" complexity="6"
               filename="Controllers\AtendimentoController.cs">
			  <methods>
				  <method name="Atendimento" signature="(System.Int32)" line-rate="1"
						  branch-rate="1" complexity="6">
					  <lines>
						  <line number="8" hits="11" branch="False" />
						  <line number="9" hits="11" branch="True" condition-coverage="100% (2/2)">
							  <conditions>
								  <condition number="7" type="jump" coverage="100%" />
							  </conditions>
						  </line>
						  <line number="10" hits="3" branch="False" />
						  <line number="11" hits="3" branch="False" />
						  <line number="14" hits="22" branch="True" condition-coverage="100% (2/2)">
							  <conditions>
								  <condition number="57" type="jump" coverage="100%" />
							  </conditions>
						  </line>
						  <line number="15" hits="7" branch="False" />
						  <line number="16" hits="7" branch="True" condition-coverage="100% (2/2)">
							  <conditions>
								  <condition number="27" type="jump" coverage="100%" />
							  </conditions>
						  </line>
						  <line number="17" hits="4" branch="False" />
						  <line number="18" hits="4" branch="False" />
						  <line number="20" hits="3" branch="False" />
						  <line number="21" hits="4" branch="False" />
						  <line number="23" hits="11" branch="False" />
					  </lines>
				  </method>
			  </methods>
			  <lines>
				  <line number="8" hits="11" branch="False" />
				  <line number="9" hits="11" branch="True" condition-coverage="100% (2/2)">
					  <conditions>
						  <condition number="7" type="jump" coverage="100%" />
					  </conditions>
				  </line>
				  <line number="10" hits="3" branch="False" />
				  <line number="11" hits="3" branch="False" />
				  <line number="14" hits="22" branch="True" condition-coverage="100% (2/2)">
					  <conditions>
						  <condition number="57" type="jump" coverage="100%" />
					  </conditions>
				  </line>
				  <line number="15" hits="7" branch="False" />
				  <line number="16" hits="7" branch="True" condition-coverage="100% (2/2)">
					  <conditions>
						  <condition number="27" type="jump" coverage="100%" />
					  </conditions>
				  </line>
				  <line number="17" hits="4" branch="False" />
				  <line number="18" hits="4" branch="False" />
				  <line number="20" hits="3" branch="False" />
				  <line number="21" hits="4" branch="False" />
				  <line number="23" hits="11" branch="False" />
			  </lines>
		  </class>
		  <class name="Controllers.Clientes" line-rate="1" branch-rate="1" complexity="6"
				filename="Controllers\ClientesController.cs">
			  <methods>
				  <method name="ControllerCliente" signature="(System.Int32)" line-rate="1"
						  branch-rate="1" complexity="6">
					  <lines>
						  <line number="8" hits="11" branch="False" />
						  <line number="9" hits="11" branch="True" condition-coverage="100% (2/2)">
							  <conditions>
								  <condition number="7" type="jump" coverage="100%" />
							  </conditions>
						  </line>
						  <line number="10" hits="3" branch="False" />
						  <line number="11" hits="3" branch="False" />
						  <line number="14" hits="22" branch="True" condition-coverage="100% (2/2)">
							  <conditions>
								  <condition number="57" type="jump" coverage="100%" />
							  </conditions>
						  </line>
						  <line number="15" hits="7" branch="False" />
						  <line number="16" hits="7" branch="True" condition-coverage="100% (2/2)">
							  <conditions>
								  <condition number="27" type="jump" coverage="100%" />
							  </conditions>
						  </line>
						  <line number="17" hits="4" branch="False" />
						  <line number="18" hits="4" branch="False" />
						  <line number="20" hits="3" branch="False" />
						  <line number="21" hits="4" branch="False" />
						  <line number="23" hits="11" branch="False" />
					  </lines>
				  </method>
			  </methods>
			  <lines>
				  <line number="8" hits="11" branch="False" />
				  <line number="9" hits="11" branch="True" condition-coverage="100% (2/2)">
					  <conditions>
						  <condition number="7" type="jump" coverage="100%" />
					  </conditions>
				  </line>
				  <line number="10" hits="3" branch="False" />
				  <line number="11" hits="3" branch="False" />
				  <line number="14" hits="22" branch="True" condition-coverage="100% (2/2)">
					  <conditions>
						  <condition number="57" type="jump" coverage="100%" />
					  </conditions>
				  </line>
				  <line number="15" hits="7" branch="False" />
				  <line number="16" hits="7" branch="True" condition-coverage="100% (2/2)">
					  <conditions>
						  <condition number="27" type="jump" coverage="100%" />
					  </conditions>
				  </line>
				  <line number="17" hits="4" branch="False" />
				  <line number="18" hits="4" branch="False" />
				  <line number="20" hits="3" branch="False" />
				  <line number="21" hits="4" branch="False" />
				  <line number="23" hits="11" branch="False" />
			  </lines>
		  </class>
		  <class name="Controllers.Clinicas" line-rate="1" branch-rate="1" complexity="6"
			filename="Controllers\ClinicasController.cs">
			  <methods>
				  <method name="ControllerClinica" signature="(System.Int32)" line-rate="1"
						  branch-rate="1" complexity="6">
					  <lines>
						  <line number="8" hits="11" branch="False" />
						  <line number="9" hits="11" branch="True" condition-coverage="100% (2/2)">
							  <conditions>
								  <condition number="7" type="jump" coverage="100%" />
							  </conditions>
						  </line>
						  <line number="10" hits="3" branch="False" />
						  <line number="11" hits="3" branch="False" />
						  <line number="14" hits="22" branch="True" condition-coverage="100% (2/2)">
							  <conditions>
								  <condition number="57" type="jump" coverage="100%" />
							  </conditions>
						  </line>
						  <line number="15" hits="7" branch="False" />
						  <line number="16" hits="7" branch="True" condition-coverage="100% (2/2)">
							  <conditions>
								  <condition number="27" type="jump" coverage="100%" />
							  </conditions>
						  </line>
						  <line number="17" hits="4" branch="False" />
						  <line number="18" hits="4" branch="False" />
						  <line number="20" hits="3" branch="False" />
						  <line number="21" hits="4" branch="False" />
						  <line number="23" hits="11" branch="False" />
					  </lines>
				  </method>
			  </methods>
			  <lines>
				  <line number="8" hits="11" branch="False" />
				  <line number="9" hits="11" branch="True" condition-coverage="100% (2/2)">
					  <conditions>
						  <condition number="7" type="jump" coverage="100%" />
					  </conditions>
				  </line>
				  <line number="10" hits="3" branch="False" />
				  <line number="11" hits="3" branch="False" />
				  <line number="14" hits="22" branch="True" condition-coverage="100% (2/2)">
					  <conditions>
						  <condition number="57" type="jump" coverage="100%" />
					  </conditions>
				  </line>
				  <line number="15" hits="7" branch="False" />
				  <line number="16" hits="7" branch="True" condition-coverage="100% (2/2)">
					  <conditions>
						  <condition number="27" type="jump" coverage="100%" />
					  </conditions>
				  </line>
				  <line number="17" hits="4" branch="False" />
				  <line number="18" hits="4" branch="False" />
				  <line number="20" hits="3" branch="False" />
				  <line number="21" hits="4" branch="False" />
				  <line number="23" hits="11" branch="False" />
			  </lines>
		  </class>
		  <class name="Controllers.Login" line-rate="1" branch-rate="1" complexity="6"
			  filename="Controllers\LoginController.cs">
			  <methods>
				  <method name="LoginController" signature="(System.Int32)" line-rate="1"
						  branch-rate="1" complexity="6">
					  <lines>
						  <line number="8" hits="11" branch="False" />
						  <line number="9" hits="11" branch="True" condition-coverage="100% (2/2)">
							  <conditions>
								  <condition number="7" type="jump" coverage="100%" />
							  </conditions>
						  </line>
						  <line number="10" hits="3" branch="False" />
						  <line number="11" hits="3" branch="False" />
						  <line number="14" hits="22" branch="True" condition-coverage="100% (2/2)">
							  <conditions>
								  <condition number="57" type="jump" coverage="100%" />
							  </conditions>
						  </line>
						  <line number="15" hits="7" branch="False" />
						  <line number="16" hits="7" branch="True" condition-coverage="100% (2/2)">
							  <conditions>
								  <condition number="27" type="jump" coverage="100%" />
							  </conditions>
						  </line>
						  <line number="17" hits="4" branch="False" />
						  <line number="18" hits="4" branch="False" />
						  <line number="20" hits="3" branch="False" />
						  <line number="21" hits="4" branch="False" />
						  <line number="23" hits="11" branch="False" />
					  </lines>
				  </method>
			  </methods>
			  <lines>
				  <line number="8" hits="11" branch="False" />
				  <line number="9" hits="11" branch="True" condition-coverage="100% (2/2)">
					  <conditions>
						  <condition number="7" type="jump" coverage="100%" />
					  </conditions>
				  </line>
				  <line number="10" hits="3" branch="False" />
				  <line number="11" hits="3" branch="False" />
				  <line number="14" hits="22" branch="True" condition-coverage="100% (2/2)">
					  <conditions>
						  <condition number="57" type="jump" coverage="100%" />
					  </conditions>
				  </line>
				  <line number="15" hits="7" branch="False" />
				  <line number="16" hits="7" branch="True" condition-coverage="100% (2/2)">
					  <conditions>
						  <condition number="27" type="jump" coverage="100%" />
					  </conditions>
				  </line>
				  <line number="17" hits="4" branch="False" />
				  <line number="18" hits="4" branch="False" />
				  <line number="20" hits="3" branch="False" />
				  <line number="21" hits="4" branch="False" />
				  <line number="23" hits="11" branch="False" />
			  </lines>
		  </class>
		  <class name="Controllers.Medicos" line-rate="1" branch-rate="1" complexity="6"
			  filename="Controllers\MedicosController.cs">
			  <methods>
				  <method name="MedicosController" signature="(System.Int32)" line-rate="1"
						  branch-rate="1" complexity="6">
					  <lines>
						  <line number="8" hits="11" branch="False" />
						  <line number="9" hits="11" branch="True" condition-coverage="100% (2/2)">
							  <conditions>
								  <condition number="7" type="jump" coverage="100%" />
							  </conditions>
						  </line>
						  <line number="10" hits="3" branch="False" />
						  <line number="11" hits="3" branch="False" />
						  <line number="14" hits="22" branch="True" condition-coverage="100% (2/2)">
							  <conditions>
								  <condition number="57" type="jump" coverage="100%" />
							  </conditions>
						  </line>
						  <line number="15" hits="7" branch="False" />
						  <line number="16" hits="7" branch="True" condition-coverage="100% (2/2)">
							  <conditions>
								  <condition number="27" type="jump" coverage="100%" />
							  </conditions>
						  </line>
						  <line number="17" hits="4" branch="False" />
						  <line number="18" hits="4" branch="False" />
						  <line number="20" hits="3" branch="False" />
						  <line number="21" hits="4" branch="False" />
						  <line number="23" hits="11" branch="False" />
					  </lines>
				  </method>
			  </methods>
			  <lines>
				  <line number="8" hits="11" branch="False" />
				  <line number="9" hits="11" branch="True" condition-coverage="100% (2/2)">
					  <conditions>
						  <condition number="7" type="jump" coverage="100%" />
					  </conditions>
				  </line>
				  <line number="10" hits="3" branch="False" />
				  <line number="11" hits="3" branch="False" />
				  <line number="14" hits="22" branch="True" condition-coverage="100% (2/2)">
					  <conditions>
						  <condition number="57" type="jump" coverage="100%" />
					  </conditions>
				  </line>
				  <line number="15" hits="7" branch="False" />
				  <line number="16" hits="7" branch="True" condition-coverage="100% (2/2)">
					  <conditions>
						  <condition number="27" type="jump" coverage="100%" />
					  </conditions>
				  </line>
				  <line number="17" hits="4" branch="False" />
				  <line number="18" hits="4" branch="False" />
				  <line number="20" hits="3" branch="False" />
				  <line number="21" hits="4" branch="False" />
				  <line number="23" hits="11" branch="False" />
			  </lines>
		  </class>
		  <class name="Controllers.Usuarios" line-rate="1" branch-rate="1" complexity="6"
			  filename="Controllers\Usuarios.Controller.cs">
			  <methods>
				  <method name="UsuarioController" signature="(System.Int32)" line-rate="1"
						  branch-rate="1" complexity="6">
					  <lines>
						  <line number="8" hits="11" branch="False" />
						  <line number="9" hits="11" branch="True" condition-coverage="100% (2/2)">
							  <conditions>
								  <condition number="7" type="jump" coverage="100%" />
							  </conditions>
						  </line>
						  <line number="10" hits="3" branch="False" />
						  <line number="11" hits="3" branch="False" />
						  <line number="14" hits="22" branch="True" condition-coverage="100% (2/2)">
							  <conditions>
								  <condition number="57" type="jump" coverage="100%" />
							  </conditions>
						  </line>
						  <line number="15" hits="7" branch="False" />
						  <line number="16" hits="7" branch="True" condition-coverage="100% (2/2)">
							  <conditions>
								  <condition number="27" type="jump" coverage="100%" />
							  </conditions>
						  </line>
						  <line number="17" hits="4" branch="False" />
						  <line number="18" hits="4" branch="False" />
						  <line number="20" hits="3" branch="False" />
						  <line number="21" hits="4" branch="False" />
						  <line number="23" hits="11" branch="False" />
					  </lines>
				  </method>
			  </methods>
			  <lines>
				  <line number="8" hits="11" branch="False" />
				  <line number="9" hits="11" branch="True" condition-coverage="100% (2/2)">
					  <conditions>
						  <condition number="7" type="jump" coverage="100%" />
					  </conditions>
				  </line>
				  <line number="10" hits="3" branch="False" />
				  <line number="11" hits="3" branch="False" />
				  <line number="14" hits="22" branch="True" condition-coverage="100% (2/2)">
					  <conditions>
						  <condition number="57" type="jump" coverage="100%" />
					  </conditions>
				  </line>
				  <line number="15" hits="7" branch="False" />
				  <line number="16" hits="7" branch="True" condition-coverage="100% (2/2)">
					  <conditions>
						  <condition number="27" type="jump" coverage="100%" />
					  </conditions>
				  </line>
				  <line number="17" hits="4" branch="False" />
				  <line number="18" hits="4" branch="False" />
				  <line number="20" hits="3" branch="False" />
				  <line number="21" hits="4" branch="False" />
				  <line number="23" hits="11" branch="False" />
			  </lines>
		  </class>
	  </classes>
    </package>
  </packages>
</coverage>

